  hangdraw.cpp
C:\Users\CSE6P44\Desktop\CAU-Programming-class\Project2\Project2\hangdraw.cpp(66,16): warning C4838:  'int'에서 'SHORT'(으)로의 변환에는 축소 변환이 필요합니다.
  사전.cpp
C:\Users\CSE6P44\Desktop\CAU-Programming-class\Project2\Project2\hangdraw.cpp(66,19): warning C4838:  'int'에서 'SHORT'(으)로의 변환에는 축소 변환이 필요합니다.
C:\Users\CSE6P44\Desktop\CAU-Programming-class\Project2\Project2\사전.cpp(133,16): warning C4018:  '<': signed 또는 unsigned가 일치하지 않습니다.
C:\Users\CSE6P44\Desktop\CAU-Programming-class\Project2\Project2\사전.cpp(160,12): warning C4244:  '인수': 'time_t'에서 'unsigned int'(으)로 변환하면서 데이터가 손실될 수 있습니다.
C:\Users\CSE6P44\Desktop\CAU-Programming-class\Project2\Project2\사전.cpp(161,6): warning C4101:  'random' :참조되지 않은 지역 변수입니다.
C:\Users\CSE6P44\Desktop\CAU-Programming-class\Project2\Project2\사전.cpp(314,12): warning C4244:  '인수': 'time_t'에서 'unsigned int'(으)로 변환하면서 데이터가 손실될 수 있습니다.
C:\Users\CSE6P44\Desktop\CAU-Programming-class\Project2\Project2\사전.cpp(328,10): warning C4473:  'scanf_s': 서식 문자열에 대한 인수가 충분하게 전달되지 않았습니다.
C:\Users\CSE6P44\Desktop\CAU-Programming-class\Project2\Project2\사전.cpp(328,10): message :  자리 표시자 및 해당 매개 변수에는 variadic 인수가 2개 필요하지만 1개가 제공되었습니다.
C:\Users\CSE6P44\Desktop\CAU-Programming-class\Project2\Project2\사전.cpp(328,10): message :  누락된 variadic 인수 2이(가) 서식 문자열 '%c'에 필요합니다.
C:\Users\CSE6P44\Desktop\CAU-Programming-class\Project2\Project2\사전.cpp(328,10): message :  이 인수는 버퍼 크기로 사용됩니다.
C:\Users\CSE6P44\Desktop\CAU-Programming-class\Project2\Project2\사전.cpp(313,7): warning C4101:  'misses' :참조되지 않은 지역 변수입니다.
C:\Users\CSE6P44\Desktop\CAU-Programming-class\Project2\Project2\사전.cpp(337,20): warning C4018:  '<': signed 또는 unsigned가 일치하지 않습니다.
  코드를 생성하고 있습니다.
LINK : fatal error C1001: 컴파일러에서 내부 오류가 발생했습니다.
  (컴파일러 파일 'd:\agent\_work\4\s\src\vctools\Compiler\Utc\src\p2\main.c', 줄 160) 
   이 문제를 해결하려면 위 목록에 나오는 위치 부근의 프로그램을 단순화하거나 변경하십시오.
  자세한 내용을 보려면 Visual C++ [도움말] 메뉴에서 [기술 지원] 명령을 
   선택하거나 기술 지원 도움말 파일을 참조하십시오.
    link!InvokeCompilerPass()+0x3081d
    link!InvokeCompilerPass()+0x32f53
    link!InvokeCompilerPass()+0x24415
    link!InvokeCompilerPass()+0x2432f
    link!InvokeCompilerPass()+0x2f895
  
LINK : fatal error C1001: 컴파일러에서 내부 오류가 발생했습니다.
  (컴파일러 파일 'd:\agent\_work\4\s\src\vctools\Compiler\Utc\src\p2\main.c', 줄 160) 
   이 문제를 해결하려면 위 목록에 나오는 위치 부근의 프로그램을 단순화하거나 변경하십시오.
  자세한 내용을 보려면 Visual C++ [도움말] 메뉴에서 [기술 지원] 명령을 
   선택하거나 기술 지원 도움말 파일을 참조하십시오.
    link!InvokeCompilerPass()+0x3081d
    link!InvokeCompilerPass()+0x32f53
    link!InvokeCompilerPass()+0x24415
    link!InvokeCompilerPass()+0x2432f
    link!InvokeCompilerPass()+0x2f895
  
  
LINK : fatal error LNK1000: Internal error during IMAGE::BuildImage
  
    Version 14.21.27702.2
  
    ExceptionCode            = C0000005
    ExceptionFlags           = 00000000
    ExceptionAddress         = 547A2202 (54310000) "C:\Program Files (x86)\Microsoft Visual Studio\2019\Community\VC\Tools\MSVC\14.21.27702\bin\HostX86\x86\c2.dll"
    NumberParameters         = 00000002
    ExceptionInformation[ 0] = 00000000
    ExceptionInformation[ 1] = 314F12F9
  
  CONTEXT:
    Eax    = 00000000  Esp    = 0113E76C
    Ebx    = 314F12F9  Ebp    = 0113E77C
    Ecx    = 00001505  Esi    = 00000000
    Edx    = 00000000  Edi    = 00000000
    Eip    = 547A2202  EFlags = 00010246
    SegCs  = 00000023  SegDs  = 0000002B
    SegSs  = 0000002B  SegEs  = 0000002B
    SegFs  = 00000053  SegGs  = 0000002B
    Dr0    = 00000000  Dr3    = 00000000
    Dr1    = 00000000  Dr6    = 00000000
    Dr2    = 00000000  Dr7    = 00000000
